SF:/home/andy/rust/advent-of-code-24/bin/day01/historian_histeria.rs
FN:1,_RNvCs11y2y6lEE6A_18historian_histeria4main
FNDA:0,_RNvCs11y2y6lEE6A_18historian_histeria4main
FNF:1
FNH:0
DA:1,0
DA:2,0
DA:3,0
BRF:0
BRH:0
LF:3
LH:0
end_of_record
SF:/home/andy/rust/advent-of-code-24/src/main.rs
FN:3,_RNvCs6Ywig6G8STb_3aoc4main
FNDA:0,_RNvCs6Ywig6G8STb_3aoc4main
FNF:1
FNH:0
DA:3,0
DA:4,0
DA:5,0
BRF:0
BRH:0
LF:3
LH:0
end_of_record
SF:/home/andy/rust/advent-of-code-24/src/util/parser.rs
FN:55,_RNvNtNtNtCsll6WUcVCuuv_3aoc4util6parser4test17get_file_contents
FN:60,_RNvNtNtNtCsll6WUcVCuuv_3aoc4util6parser4test25get_expected_parse_output
FN:68,_RNvNtNtNtCsll6WUcVCuuv_3aoc4util6parser4test22can_parse_by_delimiter
FN:76,_RNvNtNtNtCsll6WUcVCuuv_3aoc4util6parser4tests_33can_create_parser_with_new_method
FN:82,_RNvNtNtNtCsll6WUcVCuuv_3aoc4util6parser4tests_38constructor_is_identical_to_new_method
FN:91,_RNvNtNtNtCsll6WUcVCuuv_3aoc4util6parser4tests_24parser_can_split_by_line
FN:107,_RNvNtNtNtCsll6WUcVCuuv_3aoc4util6parser4tests_30can_split_by_vec_of_delimiters
FN:115,_RNvNtNtNtCsll6WUcVCuuv_3aoc4util6parser4tests_18can_parse_by_comma
FN:120,_RNvNtNtNtCsll6WUcVCuuv_3aoc4util6parser4tests_18can_parse_by_space
FN:125,_RNvNtNtNtCsll6WUcVCuuv_3aoc4util6parser4tests_16can_parse_by_tab
FN:130,_RNvNtNtNtCsll6WUcVCuuv_3aoc4util6parser4tests_44parser_will_ignore_empty_lines_if_they_exist
FN:11,_RNvMNtNtCsll6WUcVCuuv_3aoc4util6parserNtB2_6Parser3new
FN:17,_RNvMNtNtCsll6WUcVCuuv_3aoc4util6parserNtB2_6Parser11split_lines
FN:21,_RNvMNtNtCsll6WUcVCuuv_3aoc4util6parserNtB2_6Parser8split_at
FN:35,_RNvXs_NtNtCsll6WUcVCuuv_3aoc4util6parserNtB4_6ParserNtB4_8Parsable5parse
FN:18,_RNCNvMNtNtCsll6WUcVCuuv_3aoc4util6parserNtB4_6Parser11split_lines0B8_
FN:26,_RNCNvMNtNtCsll6WUcVCuuv_3aoc4util6parserNtB4_6Parser8split_at0B8_
FN:27,_RNCNvMNtNtCsll6WUcVCuuv_3aoc4util6parserNtB4_6Parser8split_ats_0B8_
FN:38,_RNCNvXs_NtNtCsll6WUcVCuuv_3aoc4util6parserNtB6_6ParserNtB6_8Parsable5parse0Ba_
FN:44,_RNCNvXs_NtNtCsll6WUcVCuuv_3aoc4util6parserNtB6_6ParserNtB6_8Parsable5parses_0Ba_
FNDA:1,_RNvNtNtNtCsll6WUcVCuuv_3aoc4util6parser4test17get_file_contents
FNDA:4,_RNvNtNtNtCsll6WUcVCuuv_3aoc4util6parser4test25get_expected_parse_output
FNDA:4,_RNvNtNtNtCsll6WUcVCuuv_3aoc4util6parser4test22can_parse_by_delimiter
FNDA:1,_RNvNtNtNtCsll6WUcVCuuv_3aoc4util6parser4tests_33can_create_parser_with_new_method
FNDA:1,_RNvNtNtNtCsll6WUcVCuuv_3aoc4util6parser4tests_38constructor_is_identical_to_new_method
FNDA:1,_RNvNtNtNtCsll6WUcVCuuv_3aoc4util6parser4tests_24parser_can_split_by_line
FNDA:1,_RNvNtNtNtCsll6WUcVCuuv_3aoc4util6parser4tests_30can_split_by_vec_of_delimiters
FNDA:1,_RNvNtNtNtCsll6WUcVCuuv_3aoc4util6parser4tests_18can_parse_by_comma
FNDA:1,_RNvNtNtNtCsll6WUcVCuuv_3aoc4util6parser4tests_18can_parse_by_space
FNDA:1,_RNvNtNtNtCsll6WUcVCuuv_3aoc4util6parser4tests_16can_parse_by_tab
FNDA:1,_RNvNtNtNtCsll6WUcVCuuv_3aoc4util6parser4tests_44parser_will_ignore_empty_lines_if_they_exist
FNDA:8,_RNvMNtNtCsll6WUcVCuuv_3aoc4util6parserNtB2_6Parser3new
FNDA:1,_RNvMNtNtCsll6WUcVCuuv_3aoc4util6parserNtB2_6Parser11split_lines
FNDA:1,_RNvMNtNtCsll6WUcVCuuv_3aoc4util6parserNtB2_6Parser8split_at
FNDA:4,_RNvXs_NtNtCsll6WUcVCuuv_3aoc4util6parserNtB4_6ParserNtB4_8Parsable5parse
FNDA:4,_RNCNvMNtNtCsll6WUcVCuuv_3aoc4util6parserNtB4_6Parser11split_lines0B8_
FNDA:3,_RNCNvMNtNtCsll6WUcVCuuv_3aoc4util6parserNtB4_6Parser8split_at0B8_
FNDA:5,_RNCNvMNtNtCsll6WUcVCuuv_3aoc4util6parserNtB4_6Parser8split_ats_0B8_
FNDA:13,_RNCNvXs_NtNtCsll6WUcVCuuv_3aoc4util6parserNtB6_6ParserNtB6_8Parsable5parse0Ba_
FNDA:13,_RNCNvXs_NtNtCsll6WUcVCuuv_3aoc4util6parserNtB6_6ParserNtB6_8Parsable5parses_0Ba_
FNF:20
FNH:20
DA:11,8
DA:12,8
DA:13,8
DA:14,8
DA:15,8
DA:17,1
DA:18,4
DA:19,1
DA:21,1
DA:22,1
DA:23,3
DA:24,2
DA:25,2
DA:26,3
DA:27,5
DA:28,2
DA:29,2
DA:30,1
DA:31,1
DA:35,4
DA:36,4
DA:37,4
DA:38,13
DA:39,13
DA:40,1
DA:41,12
DA:42,12
DA:43,13
DA:44,13
DA:45,4
DA:46,4
DA:55,1
DA:56,1
DA:57,1
DA:58,1
DA:60,4
DA:61,4
DA:62,4
DA:63,4
DA:64,4
DA:65,4
DA:66,4
DA:68,4
DA:69,4
DA:70,4
DA:71,4
DA:72,4
DA:73,4
DA:76,1
DA:77,1
DA:78,1
DA:79,1
DA:82,1
DA:83,1
DA:84,1
DA:85,1
DA:86,1
DA:87,1
DA:88,1
DA:91,1
DA:92,1
DA:93,1
DA:94,1
DA:95,1
DA:96,1
DA:97,1
DA:98,1
DA:99,1
DA:100,1
DA:101,1
DA:102,1
DA:103,1
DA:104,1
DA:107,1
DA:108,1
DA:109,1
DA:110,1
DA:111,1
DA:112,1
DA:115,1
DA:116,1
DA:117,1
DA:120,1
DA:121,1
DA:122,1
DA:125,1
DA:126,1
DA:127,1
DA:130,1
DA:131,1
DA:132,1
BRF:0
BRH:0
LF:97
LH:97
end_of_record
SF:/home/andy/rust/advent-of-code-24/src/util/reader.rs
FN:28,_RNvNtNtNtCsll6WUcVCuuv_3aoc4util6reader5testss_15can_make_reader
FN:34,_RNvNtNtNtCsll6WUcVCuuv_3aoc4util6reader5testss_39constructor_and_new_method_are_the_same
FN:45,_RNvNtNtNtCsll6WUcVCuuv_3aoc4util6reader5testss_29reader_can_read_a_simple_file
FN:53,_RNvNtNtNtCsll6WUcVCuuv_3aoc4util6reader5testss_63reader_tells_me_when_something_goes_wrong_with_reading_the_file
FN:59,_RNvNtNtNtCsll6WUcVCuuv_3aoc4util6reader5testss_42reader_can_read_a_file_with_multiple_lines
FN:10,_RNvMNtNtCsll6WUcVCuuv_3aoc4util6readerNtB2_6Reader3new
FN:17,_RNvMNtNtCsll6WUcVCuuv_3aoc4util6readerNtB2_6Reader4read
FNDA:1,_RNvNtNtNtCsll6WUcVCuuv_3aoc4util6reader5testss_15can_make_reader
FNDA:1,_RNvNtNtNtCsll6WUcVCuuv_3aoc4util6reader5testss_39constructor_and_new_method_are_the_same
FNDA:1,_RNvNtNtNtCsll6WUcVCuuv_3aoc4util6reader5testss_29reader_can_read_a_simple_file
FNDA:1,_RNvNtNtNtCsll6WUcVCuuv_3aoc4util6reader5testss_63reader_tells_me_when_something_goes_wrong_with_reading_the_file
FNDA:1,_RNvNtNtNtCsll6WUcVCuuv_3aoc4util6reader5testss_42reader_can_read_a_file_with_multiple_lines
FNDA:6,_RNvMNtNtCsll6WUcVCuuv_3aoc4util6readerNtB2_6Reader3new
FNDA:4,_RNvMNtNtCsll6WUcVCuuv_3aoc4util6readerNtB2_6Reader4read
FNF:7
FNH:7
DA:10,6
DA:11,6
DA:12,6
DA:13,6
DA:14,6
DA:15,6
DA:17,4
DA:18,4
DA:19,4
DA:28,1
DA:29,1
DA:30,1
DA:31,1
DA:34,1
DA:35,1
DA:36,1
DA:37,1
DA:38,1
DA:39,1
DA:40,1
DA:41,1
DA:42,1
DA:45,1
DA:46,1
DA:47,1
DA:48,1
DA:49,1
DA:53,1
DA:54,1
DA:55,1
DA:56,1
DA:59,1
DA:60,1
DA:61,1
DA:62,1
DA:63,1
BRF:0
BRH:0
LF:36
LH:36
end_of_record